
$absence :  AbsencesBundle\Entity\Absence Object
(
    [id:AbsencesBundle\Entity\Absence:private] => 
    [title:AbsencesBundle\Entity\Absence:private] => 
    [startTime:AbsencesBundle\Entity\Absence:private] => 
    [endTime:AbsencesBundle\Entity\Absence:private] => 
    [valide:AbsencesBundle\Entity\Absence:private] => 0
    [deleted:AbsencesBundle\Entity\Absence:private] => 
    [allday:AbsencesBundle\Entity\Absence:private] => 
    [uid:AbsencesBundle\Entity\Absence:private] => Symfony\Component\Security\Core\User\User Object
        (
            [username:Symfony\Component\Security\Core\User\User:private] => admin
            [password:Symfony\Component\Security\Core\User\User:private] => $2y$13$vbonEYxHT6T9iSF1ePGQ3uwDMXJ7L7DSQsnqKiyjad6mDpA1yaQHq
            [enabled:Symfony\Component\Security\Core\User\User:private] => 1
            [accountNonExpired:Symfony\Component\Security\Core\User\User:private] => 1
            [credentialsNonExpired:Symfony\Component\Security\Core\User\User:private] => 1
            [accountNonLocked:Symfony\Component\Security\Core\User\User:private] => 1
            [roles:Symfony\Component\Security\Core\User\User:private] => Array
                (
                    [0] => ROLE_ADMIN
                )

        )

)
 
$absence :  AbsencesBundle\Entity\Absence Object
(
    [id:AbsencesBundle\Entity\Absence:private] => 
    [title:AbsencesBundle\Entity\Absence:private] => 
    [startTime:AbsencesBundle\Entity\Absence:private] => 
    [endTime:AbsencesBundle\Entity\Absence:private] => 
    [valide:AbsencesBundle\Entity\Absence:private] => 0
    [deleted:AbsencesBundle\Entity\Absence:private] => 
    [allday:AbsencesBundle\Entity\Absence:private] => 
    [uid:AbsencesBundle\Entity\Absence:private] => Symfony\Component\Security\Core\User\User Object
        (
            [username:Symfony\Component\Security\Core\User\User:private] => admin
            [password:Symfony\Component\Security\Core\User\User:private] => $2y$13$vbonEYxHT6T9iSF1ePGQ3uwDMXJ7L7DSQsnqKiyjad6mDpA1yaQHq
            [enabled:Symfony\Component\Security\Core\User\User:private] => 1
            [accountNonExpired:Symfony\Component\Security\Core\User\User:private] => 1
            [credentialsNonExpired:Symfony\Component\Security\Core\User\User:private] => 1
            [accountNonLocked:Symfony\Component\Security\Core\User\User:private] => 1
            [roles:Symfony\Component\Security\Core\User\User:private] => Array
                (
                    [0] => ROLE_ADMIN
                )

        )

)
 
$absence :  AbsencesBundle\Entity\Absence Object
(
    [id:AbsencesBundle\Entity\Absence:private] => 
    [title:AbsencesBundle\Entity\Absence:private] => 
    [startTime:AbsencesBundle\Entity\Absence:private] => 
    [endTime:AbsencesBundle\Entity\Absence:private] => 
    [valide:AbsencesBundle\Entity\Absence:private] => 0
    [deleted:AbsencesBundle\Entity\Absence:private] => 
    [allday:AbsencesBundle\Entity\Absence:private] => 
    [uid:AbsencesBundle\Entity\Absence:private] => Symfony\Component\Security\Core\User\User Object
        (
            [username:Symfony\Component\Security\Core\User\User:private] => admin
            [password:Symfony\Component\Security\Core\User\User:private] => $2y$13$vbonEYxHT6T9iSF1ePGQ3uwDMXJ7L7DSQsnqKiyjad6mDpA1yaQHq
            [enabled:Symfony\Component\Security\Core\User\User:private] => 1
            [accountNonExpired:Symfony\Component\Security\Core\User\User:private] => 1
            [credentialsNonExpired:Symfony\Component\Security\Core\User\User:private] => 1
            [accountNonLocked:Symfony\Component\Security\Core\User\User:private] => 1
            [roles:Symfony\Component\Security\Core\User\User:private] => Array
                (
                    [0] => ROLE_ADMIN
                )

        )

)
 
$absence :  AbsencesBundle\Entity\Absence Object
(
    [id:AbsencesBundle\Entity\Absence:private] => 
    [title:AbsencesBundle\Entity\Absence:private] => 
    [startTime:AbsencesBundle\Entity\Absence:private] => 
    [endTime:AbsencesBundle\Entity\Absence:private] => 
    [valide:AbsencesBundle\Entity\Absence:private] => 0
    [deleted:AbsencesBundle\Entity\Absence:private] => 
    [allday:AbsencesBundle\Entity\Absence:private] => 
    [uid:AbsencesBundle\Entity\Absence:private] => Symfony\Component\Security\Core\User\User Object
        (
            [username:Symfony\Component\Security\Core\User\User:private] => admin
            [password:Symfony\Component\Security\Core\User\User:private] => $2y$13$vbonEYxHT6T9iSF1ePGQ3uwDMXJ7L7DSQsnqKiyjad6mDpA1yaQHq
            [enabled:Symfony\Component\Security\Core\User\User:private] => 1
            [accountNonExpired:Symfony\Component\Security\Core\User\User:private] => 1
            [credentialsNonExpired:Symfony\Component\Security\Core\User\User:private] => 1
            [accountNonLocked:Symfony\Component\Security\Core\User\User:private] => 1
            [roles:Symfony\Component\Security\Core\User\User:private] => Array
                (
                    [0] => ROLE_ADMIN
                )

        )

)
 
$absence :  AbsencesBundle\Entity\Absence Object
(
    [id:AbsencesBundle\Entity\Absence:private] => 
    [title:AbsencesBundle\Entity\Absence:private] => 0
    [startTime:AbsencesBundle\Entity\Absence:private] => DateTime Object
        (
            [date] => 2018-04-27 13:43:19.000000
            [timezone_type] => 3
            [timezone] => Europe/Paris
        )

    [endTime:AbsencesBundle\Entity\Absence:private] => DateTime Object
        (
            [date] => 2018-05-01 13:43:19.000000
            [timezone_type] => 3
            [timezone] => Europe/Paris
        )

    [valide:AbsencesBundle\Entity\Absence:private] => 0
    [deleted:AbsencesBundle\Entity\Absence:private] => 
    [allday:AbsencesBundle\Entity\Absence:private] => 0
    [uid:AbsencesBundle\Entity\Absence:private] => Symfony\Component\Security\Core\User\User Object
        (
            [username:Symfony\Component\Security\Core\User\User:private] => admin
            [password:Symfony\Component\Security\Core\User\User:private] => $2y$13$vbonEYxHT6T9iSF1ePGQ3uwDMXJ7L7DSQsnqKiyjad6mDpA1yaQHq
            [enabled:Symfony\Component\Security\Core\User\User:private] => 1
            [accountNonExpired:Symfony\Component\Security\Core\User\User:private] => 1
            [credentialsNonExpired:Symfony\Component\Security\Core\User\User:private] => 1
            [accountNonLocked:Symfony\Component\Security\Core\User\User:private] => 1
            [roles:Symfony\Component\Security\Core\User\User:private] => Array
                (
                    [0] => ROLE_ADMIN
                )

        )

)
 
$absence :  AbsencesBundle\Entity\Absence Object
(
    [id:AbsencesBundle\Entity\Absence:private] => 
    [title:AbsencesBundle\Entity\Absence:private] => 
    [startTime:AbsencesBundle\Entity\Absence:private] => 1970-01-01
    [endTime:AbsencesBundle\Entity\Absence:private] => 1970-01-01
    [valide:AbsencesBundle\Entity\Absence:private] => 0
    [deleted:AbsencesBundle\Entity\Absence:private] => 
    [allday:AbsencesBundle\Entity\Absence:private] => 
    [uid:AbsencesBundle\Entity\Absence:private] => Symfony\Component\Security\Core\User\User Object
        (
            [username:Symfony\Component\Security\Core\User\User:private] => admin
            [password:Symfony\Component\Security\Core\User\User:private] => $2y$13$vbonEYxHT6T9iSF1ePGQ3uwDMXJ7L7DSQsnqKiyjad6mDpA1yaQHq
            [enabled:Symfony\Component\Security\Core\User\User:private] => 1
            [accountNonExpired:Symfony\Component\Security\Core\User\User:private] => 1
            [credentialsNonExpired:Symfony\Component\Security\Core\User\User:private] => 1
            [accountNonLocked:Symfony\Component\Security\Core\User\User:private] => 1
            [roles:Symfony\Component\Security\Core\User\User:private] => Array
                (
                    [0] => ROLE_ADMIN
                )

        )

)
 
$absence :  AbsencesBundle\Entity\Absence Object
(
    [id:AbsencesBundle\Entity\Absence:private] => 
    [title:AbsencesBundle\Entity\Absence:private] => 0
    [startTime:AbsencesBundle\Entity\Absence:private] => 2018-01-05
    [endTime:AbsencesBundle\Entity\Absence:private] => 2018-03-05
    [valide:AbsencesBundle\Entity\Absence:private] => 0
    [deleted:AbsencesBundle\Entity\Absence:private] => 
    [allday:AbsencesBundle\Entity\Absence:private] => 0
    [uid:AbsencesBundle\Entity\Absence:private] => Symfony\Component\Security\Core\User\User Object
        (
            [username:Symfony\Component\Security\Core\User\User:private] => admin
            [password:Symfony\Component\Security\Core\User\User:private] => $2y$13$vbonEYxHT6T9iSF1ePGQ3uwDMXJ7L7DSQsnqKiyjad6mDpA1yaQHq
            [enabled:Symfony\Component\Security\Core\User\User:private] => 1
            [accountNonExpired:Symfony\Component\Security\Core\User\User:private] => 1
            [credentialsNonExpired:Symfony\Component\Security\Core\User\User:private] => 1
            [accountNonLocked:Symfony\Component\Security\Core\User\User:private] => 1
            [roles:Symfony\Component\Security\Core\User\User:private] => Array
                (
                    [0] => ROLE_ADMIN
                )

        )

)
 
$absence :  AbsencesBundle\Entity\Absence Object
(
    [id:AbsencesBundle\Entity\Absence:private] => 
    [title:AbsencesBundle\Entity\Absence:private] => 0
    [startTime:AbsencesBundle\Entity\Absence:private] => DateTime Object
        (
            [date] => 2018-01-05 00:00:00.000000
            [timezone_type] => 3
            [timezone] => Europe/Paris
        )

    [endTime:AbsencesBundle\Entity\Absence:private] => DateTime Object
        (
            [date] => 2018-03-05 00:00:00.000000
            [timezone_type] => 3
            [timezone] => Europe/Paris
        )

    [valide:AbsencesBundle\Entity\Absence:private] => 0
    [deleted:AbsencesBundle\Entity\Absence:private] => 
    [allday:AbsencesBundle\Entity\Absence:private] => 0
    [uid:AbsencesBundle\Entity\Absence:private] => Symfony\Component\Security\Core\User\User Object
        (
            [username:Symfony\Component\Security\Core\User\User:private] => admin
            [password:Symfony\Component\Security\Core\User\User:private] => $2y$13$vbonEYxHT6T9iSF1ePGQ3uwDMXJ7L7DSQsnqKiyjad6mDpA1yaQHq
            [enabled:Symfony\Component\Security\Core\User\User:private] => 1
            [accountNonExpired:Symfony\Component\Security\Core\User\User:private] => 1
            [credentialsNonExpired:Symfony\Component\Security\Core\User\User:private] => 1
            [accountNonLocked:Symfony\Component\Security\Core\User\User:private] => 1
            [roles:Symfony\Component\Security\Core\User\User:private] => Array
                (
                    [0] => ROLE_ADMIN
                )

        )

)
 
$absence :  AbsencesBundle\Entity\Absence Object
(
    [id:AbsencesBundle\Entity\Absence:private] => 
    [title:AbsencesBundle\Entity\Absence:private] => 
    [startTime:AbsencesBundle\Entity\Absence:private] => DateTime Object
        (
            [date] => 2018-04-27 14:24:50.000000
            [timezone_type] => 3
            [timezone] => Europe/Paris
        )

    [endTime:AbsencesBundle\Entity\Absence:private] => DateTime Object
        (
            [date] => 2018-04-27 14:24:50.000000
            [timezone_type] => 3
            [timezone] => Europe/Paris
        )

    [valide:AbsencesBundle\Entity\Absence:private] => 0
    [deleted:AbsencesBundle\Entity\Absence:private] => 
    [allday:AbsencesBundle\Entity\Absence:private] => 
    [uid:AbsencesBundle\Entity\Absence:private] => Symfony\Component\Security\Core\User\User Object
        (
            [username:Symfony\Component\Security\Core\User\User:private] => admin
            [password:Symfony\Component\Security\Core\User\User:private] => $2y$13$vbonEYxHT6T9iSF1ePGQ3uwDMXJ7L7DSQsnqKiyjad6mDpA1yaQHq
            [enabled:Symfony\Component\Security\Core\User\User:private] => 1
            [accountNonExpired:Symfony\Component\Security\Core\User\User:private] => 1
            [credentialsNonExpired:Symfony\Component\Security\Core\User\User:private] => 1
            [accountNonLocked:Symfony\Component\Security\Core\User\User:private] => 1
            [roles:Symfony\Component\Security\Core\User\User:private] => Array
                (
                    [0] => ROLE_ADMIN
                )

        )

)
 
$absence :  AbsencesBundle\Entity\Absence Object
(
    [id:AbsencesBundle\Entity\Absence:private] => 
    [title:AbsencesBundle\Entity\Absence:private] => 0
    [startTime:AbsencesBundle\Entity\Absence:private] => DateTime Object
        (
            [date] => 2018-02-05 00:00:00.000000
            [timezone_type] => 3
            [timezone] => Europe/Paris
        )

    [endTime:AbsencesBundle\Entity\Absence:private] => DateTime Object
        (
            [date] => 2018-03-05 00:00:00.000000
            [timezone_type] => 3
            [timezone] => Europe/Paris
        )

    [valide:AbsencesBundle\Entity\Absence:private] => 0
    [deleted:AbsencesBundle\Entity\Absence:private] => 
    [allday:AbsencesBundle\Entity\Absence:private] => 0
    [uid:AbsencesBundle\Entity\Absence:private] => Symfony\Component\Security\Core\User\User Object
        (
            [username:Symfony\Component\Security\Core\User\User:private] => admin
            [password:Symfony\Component\Security\Core\User\User:private] => $2y$13$vbonEYxHT6T9iSF1ePGQ3uwDMXJ7L7DSQsnqKiyjad6mDpA1yaQHq
            [enabled:Symfony\Component\Security\Core\User\User:private] => 1
            [accountNonExpired:Symfony\Component\Security\Core\User\User:private] => 1
            [credentialsNonExpired:Symfony\Component\Security\Core\User\User:private] => 1
            [accountNonLocked:Symfony\Component\Security\Core\User\User:private] => 1
            [roles:Symfony\Component\Security\Core\User\User:private] => Array
                (
                    [0] => ROLE_ADMIN
                )

        )

)
 
$absence :  AbsencesBundle\Entity\Absence Object
(
    [id:AbsencesBundle\Entity\Absence:private] => 
    [title:AbsencesBundle\Entity\Absence:private] => 0
    [startTime:AbsencesBundle\Entity\Absence:private] => DateTime Object
        (
            [date] => 2018-03-05 00:00:00.000000
            [timezone_type] => 3
            [timezone] => Europe/Paris
        )

    [endTime:AbsencesBundle\Entity\Absence:private] => DateTime Object
        (
            [date] => 2018-04-05 00:00:00.000000
            [timezone_type] => 3
            [timezone] => Europe/Paris
        )

    [valide:AbsencesBundle\Entity\Absence:private] => 0
    [deleted:AbsencesBundle\Entity\Absence:private] => 
    [allday:AbsencesBundle\Entity\Absence:private] => 0
    [uid:AbsencesBundle\Entity\Absence:private] => Symfony\Component\Security\Core\User\User Object
        (
            [username:Symfony\Component\Security\Core\User\User:private] => admin
            [password:Symfony\Component\Security\Core\User\User:private] => $2y$13$vbonEYxHT6T9iSF1ePGQ3uwDMXJ7L7DSQsnqKiyjad6mDpA1yaQHq
            [enabled:Symfony\Component\Security\Core\User\User:private] => 1
            [accountNonExpired:Symfony\Component\Security\Core\User\User:private] => 1
            [credentialsNonExpired:Symfony\Component\Security\Core\User\User:private] => 1
            [accountNonLocked:Symfony\Component\Security\Core\User\User:private] => 1
            [roles:Symfony\Component\Security\Core\User\User:private] => Array
                (
                    [0] => ROLE_ADMIN
                )

        )

)
 
$absence :  AbsencesBundle\Entity\Absence Object
(
    [id:AbsencesBundle\Entity\Absence:private] => 
    [title:AbsencesBundle\Entity\Absence:private] => 
    [startTime:AbsencesBundle\Entity\Absence:private] => DateTime Object
        (
            [date] => 2018-04-27 14:40:17.000000
            [timezone_type] => 3
            [timezone] => Europe/Paris
        )

    [endTime:AbsencesBundle\Entity\Absence:private] => DateTime Object
        (
            [date] => 2018-04-27 14:40:17.000000
            [timezone_type] => 3
            [timezone] => Europe/Paris
        )

    [valide:AbsencesBundle\Entity\Absence:private] => 0
    [deleted:AbsencesBundle\Entity\Absence:private] => 
    [allday:AbsencesBundle\Entity\Absence:private] => 
    [uid:AbsencesBundle\Entity\Absence:private] => Symfony\Component\Security\Core\User\User Object
        (
            [username:Symfony\Component\Security\Core\User\User:private] => admin
            [password:Symfony\Component\Security\Core\User\User:private] => $2y$13$vbonEYxHT6T9iSF1ePGQ3uwDMXJ7L7DSQsnqKiyjad6mDpA1yaQHq
            [enabled:Symfony\Component\Security\Core\User\User:private] => 1
            [accountNonExpired:Symfony\Component\Security\Core\User\User:private] => 1
            [credentialsNonExpired:Symfony\Component\Security\Core\User\User:private] => 1
            [accountNonLocked:Symfony\Component\Security\Core\User\User:private] => 1
            [roles:Symfony\Component\Security\Core\User\User:private] => Array
                (
                    [0] => ROLE_ADMIN
                )

        )

)
 
$absence :  AbsencesBundle\Entity\Absence Object
(
    [id:AbsencesBundle\Entity\Absence:private] => 
    [title:AbsencesBundle\Entity\Absence:private] => 0
    [startTime:AbsencesBundle\Entity\Absence:private] => DateTime Object
        (
            [date] => 2018-02-05 00:00:00.000000
            [timezone_type] => 3
            [timezone] => Europe/Paris
        )

    [endTime:AbsencesBundle\Entity\Absence:private] => DateTime Object
        (
            [date] => 2018-03-05 00:00:00.000000
            [timezone_type] => 3
            [timezone] => Europe/Paris
        )

    [valide:AbsencesBundle\Entity\Absence:private] => 0
    [deleted:AbsencesBundle\Entity\Absence:private] => 
    [allday:AbsencesBundle\Entity\Absence:private] => 0
    [uid:AbsencesBundle\Entity\Absence:private] => Symfony\Component\Security\Core\User\User Object
        (
            [username:Symfony\Component\Security\Core\User\User:private] => admin
            [password:Symfony\Component\Security\Core\User\User:private] => $2y$13$vbonEYxHT6T9iSF1ePGQ3uwDMXJ7L7DSQsnqKiyjad6mDpA1yaQHq
            [enabled:Symfony\Component\Security\Core\User\User:private] => 1
            [accountNonExpired:Symfony\Component\Security\Core\User\User:private] => 1
            [credentialsNonExpired:Symfony\Component\Security\Core\User\User:private] => 1
            [accountNonLocked:Symfony\Component\Security\Core\User\User:private] => 1
            [roles:Symfony\Component\Security\Core\User\User:private] => Array
                (
                    [0] => ROLE_ADMIN
                )

        )

)
 
$absence :  AbsencesBundle\Entity\Absence Object
(
    [id:AbsencesBundle\Entity\Absence:private] => 
    [title:AbsencesBundle\Entity\Absence:private] => 
    [startTime:AbsencesBundle\Entity\Absence:private] => DateTime Object
        (
            [date] => 2018-04-27 14:43:26.000000
            [timezone_type] => 3
            [timezone] => Europe/Paris
        )

    [endTime:AbsencesBundle\Entity\Absence:private] => DateTime Object
        (
            [date] => 2018-04-27 14:43:26.000000
            [timezone_type] => 3
            [timezone] => Europe/Paris
        )

    [valide:AbsencesBundle\Entity\Absence:private] => 0
    [deleted:AbsencesBundle\Entity\Absence:private] => 
    [allday:AbsencesBundle\Entity\Absence:private] => 
    [uid:AbsencesBundle\Entity\Absence:private] => Symfony\Component\Security\Core\User\User Object
        (
            [username:Symfony\Component\Security\Core\User\User:private] => admin
            [password:Symfony\Component\Security\Core\User\User:private] => $2y$13$vbonEYxHT6T9iSF1ePGQ3uwDMXJ7L7DSQsnqKiyjad6mDpA1yaQHq
            [enabled:Symfony\Component\Security\Core\User\User:private] => 1
            [accountNonExpired:Symfony\Component\Security\Core\User\User:private] => 1
            [credentialsNonExpired:Symfony\Component\Security\Core\User\User:private] => 1
            [accountNonLocked:Symfony\Component\Security\Core\User\User:private] => 1
            [roles:Symfony\Component\Security\Core\User\User:private] => Array
                (
                    [0] => ROLE_ADMIN
                )

        )

)
 
$absence :  AbsencesBundle\Entity\Absence Object
(
    [id:AbsencesBundle\Entity\Absence:private] => 
    [title:AbsencesBundle\Entity\Absence:private] => 0
    [startTime:AbsencesBundle\Entity\Absence:private] => DateTime Object
        (
            [date] => 2018-03-05 00:00:00.000000
            [timezone_type] => 3
            [timezone] => Europe/Paris
        )

    [endTime:AbsencesBundle\Entity\Absence:private] => DateTime Object
        (
            [date] => 2018-04-05 00:00:00.000000
            [timezone_type] => 3
            [timezone] => Europe/Paris
        )

    [valide:AbsencesBundle\Entity\Absence:private] => 0
    [deleted:AbsencesBundle\Entity\Absence:private] => 
    [allday:AbsencesBundle\Entity\Absence:private] => 0
    [uid:AbsencesBundle\Entity\Absence:private] => Symfony\Component\Security\Core\User\User Object
        (
            [username:Symfony\Component\Security\Core\User\User:private] => admin
            [password:Symfony\Component\Security\Core\User\User:private] => $2y$13$vbonEYxHT6T9iSF1ePGQ3uwDMXJ7L7DSQsnqKiyjad6mDpA1yaQHq
            [enabled:Symfony\Component\Security\Core\User\User:private] => 1
            [accountNonExpired:Symfony\Component\Security\Core\User\User:private] => 1
            [credentialsNonExpired:Symfony\Component\Security\Core\User\User:private] => 1
            [accountNonLocked:Symfony\Component\Security\Core\User\User:private] => 1
            [roles:Symfony\Component\Security\Core\User\User:private] => Array
                (
                    [0] => ROLE_ADMIN
                )

        )

)
 
$absence :  AbsencesBundle\Entity\Absence Object
(
    [id:AbsencesBundle\Entity\Absence:private] => 
    [title:AbsencesBundle\Entity\Absence:private] => 
    [startTime:AbsencesBundle\Entity\Absence:private] => DateTime Object
        (
            [date] => 2018-04-27 14:44:34.000000
            [timezone_type] => 3
            [timezone] => Europe/Paris
        )

    [endTime:AbsencesBundle\Entity\Absence:private] => DateTime Object
        (
            [date] => 2018-04-27 14:44:34.000000
            [timezone_type] => 3
            [timezone] => Europe/Paris
        )

    [valide:AbsencesBundle\Entity\Absence:private] => 0
    [deleted:AbsencesBundle\Entity\Absence:private] => 
    [allday:AbsencesBundle\Entity\Absence:private] => 
    [uid:AbsencesBundle\Entity\Absence:private] => Symfony\Component\Security\Core\User\User Object
        (
            [username:Symfony\Component\Security\Core\User\User:private] => admin
            [password:Symfony\Component\Security\Core\User\User:private] => $2y$13$vbonEYxHT6T9iSF1ePGQ3uwDMXJ7L7DSQsnqKiyjad6mDpA1yaQHq
            [enabled:Symfony\Component\Security\Core\User\User:private] => 1
            [accountNonExpired:Symfony\Component\Security\Core\User\User:private] => 1
            [credentialsNonExpired:Symfony\Component\Security\Core\User\User:private] => 1
            [accountNonLocked:Symfony\Component\Security\Core\User\User:private] => 1
            [roles:Symfony\Component\Security\Core\User\User:private] => Array
                (
                    [0] => ROLE_ADMIN
                )

        )

)
 
$absence :  AbsencesBundle\Entity\Absence Object
(
    [id:AbsencesBundle\Entity\Absence:private] => 
    [title:AbsencesBundle\Entity\Absence:private] => 7
    [startTime:AbsencesBundle\Entity\Absence:private] => DateTime Object
        (
            [date] => 2018-04-05 00:00:00.000000
            [timezone_type] => 3
            [timezone] => Europe/Paris
        )

    [endTime:AbsencesBundle\Entity\Absence:private] => DateTime Object
        (
            [date] => 2018-04-05 00:00:00.000000
            [timezone_type] => 3
            [timezone] => Europe/Paris
        )

    [valide:AbsencesBundle\Entity\Absence:private] => 0
    [deleted:AbsencesBundle\Entity\Absence:private] => 
    [allday:AbsencesBundle\Entity\Absence:private] => 0
    [uid:AbsencesBundle\Entity\Absence:private] => Symfony\Component\Security\Core\User\User Object
        (
            [username:Symfony\Component\Security\Core\User\User:private] => admin
            [password:Symfony\Component\Security\Core\User\User:private] => $2y$13$vbonEYxHT6T9iSF1ePGQ3uwDMXJ7L7DSQsnqKiyjad6mDpA1yaQHq
            [enabled:Symfony\Component\Security\Core\User\User:private] => 1
            [accountNonExpired:Symfony\Component\Security\Core\User\User:private] => 1
            [credentialsNonExpired:Symfony\Component\Security\Core\User\User:private] => 1
            [accountNonLocked:Symfony\Component\Security\Core\User\User:private] => 1
            [roles:Symfony\Component\Security\Core\User\User:private] => Array
                (
                    [0] => ROLE_ADMIN
                )

        )

)
 
$absence :  AbsencesBundle\Entity\Absence Object
(
    [id:AbsencesBundle\Entity\Absence:private] => 
    [title:AbsencesBundle\Entity\Absence:private] => ooo
    [startTime:AbsencesBundle\Entity\Absence:private] => DateTime Object
        (
            [date] => 2018-04-27 15:08:51.000000
            [timezone_type] => 3
            [timezone] => Europe/Paris
        )

    [endTime:AbsencesBundle\Entity\Absence:private] => DateTime Object
        (
            [date] => 2018-04-27 15:08:51.000000
            [timezone_type] => 3
            [timezone] => Europe/Paris
        )

    [valide:AbsencesBundle\Entity\Absence:private] => 0
    [deleted:AbsencesBundle\Entity\Absence:private] => 
    [allday:AbsencesBundle\Entity\Absence:private] => 
    [uid:AbsencesBundle\Entity\Absence:private] => Symfony\Component\Security\Core\User\User Object
        (
            [username:Symfony\Component\Security\Core\User\User:private] => admin
            [password:Symfony\Component\Security\Core\User\User:private] => $2y$13$vbonEYxHT6T9iSF1ePGQ3uwDMXJ7L7DSQsnqKiyjad6mDpA1yaQHq
            [enabled:Symfony\Component\Security\Core\User\User:private] => 1
            [accountNonExpired:Symfony\Component\Security\Core\User\User:private] => 1
            [credentialsNonExpired:Symfony\Component\Security\Core\User\User:private] => 1
            [accountNonLocked:Symfony\Component\Security\Core\User\User:private] => 1
            [roles:Symfony\Component\Security\Core\User\User:private] => Array
                (
                    [0] => ROLE_ADMIN
                )

        )

)
 
$absence :  AbsencesBundle\Entity\Absence Object
(
    [id:AbsencesBundle\Entity\Absence:private] => 
    [title:AbsencesBundle\Entity\Absence:private] => ooo
    [startTime:AbsencesBundle\Entity\Absence:private] => DateTime Object
        (
            [date] => 2018-04-27 15:09:09.000000
            [timezone_type] => 3
            [timezone] => Europe/Paris
        )

    [endTime:AbsencesBundle\Entity\Absence:private] => DateTime Object
        (
            [date] => 2018-04-27 15:09:09.000000
            [timezone_type] => 3
            [timezone] => Europe/Paris
        )

    [valide:AbsencesBundle\Entity\Absence:private] => 0
    [deleted:AbsencesBundle\Entity\Absence:private] => 
    [allday:AbsencesBundle\Entity\Absence:private] => 
    [uid:AbsencesBundle\Entity\Absence:private] => Symfony\Component\Security\Core\User\User Object
        (
            [username:Symfony\Component\Security\Core\User\User:private] => admin
            [password:Symfony\Component\Security\Core\User\User:private] => $2y$13$vbonEYxHT6T9iSF1ePGQ3uwDMXJ7L7DSQsnqKiyjad6mDpA1yaQHq
            [enabled:Symfony\Component\Security\Core\User\User:private] => 1
            [accountNonExpired:Symfony\Component\Security\Core\User\User:private] => 1
            [credentialsNonExpired:Symfony\Component\Security\Core\User\User:private] => 1
            [accountNonLocked:Symfony\Component\Security\Core\User\User:private] => 1
            [roles:Symfony\Component\Security\Core\User\User:private] => Array
                (
                    [0] => ROLE_ADMIN
                )

        )

)
 
$absence :  AbsencesBundle\Entity\Absence Object
(
    [id:AbsencesBundle\Entity\Absence:private] => 
    [title:AbsencesBundle\Entity\Absence:private] => ooo
    [startTime:AbsencesBundle\Entity\Absence:private] => DateTime Object
        (
            [date] => 2018-03-05 00:00:00.000000
            [timezone_type] => 3
            [timezone] => Europe/Paris
        )

    [endTime:AbsencesBundle\Entity\Absence:private] => DateTime Object
        (
            [date] => 2018-04-05 00:00:00.000000
            [timezone_type] => 3
            [timezone] => Europe/Paris
        )

    [valide:AbsencesBundle\Entity\Absence:private] => 0
    [deleted:AbsencesBundle\Entity\Absence:private] => 
    [allday:AbsencesBundle\Entity\Absence:private] => 0
    [uid:AbsencesBundle\Entity\Absence:private] => Symfony\Component\Security\Core\User\User Object
        (
            [username:Symfony\Component\Security\Core\User\User:private] => admin
            [password:Symfony\Component\Security\Core\User\User:private] => $2y$13$vbonEYxHT6T9iSF1ePGQ3uwDMXJ7L7DSQsnqKiyjad6mDpA1yaQHq
            [enabled:Symfony\Component\Security\Core\User\User:private] => 1
            [accountNonExpired:Symfony\Component\Security\Core\User\User:private] => 1
            [credentialsNonExpired:Symfony\Component\Security\Core\User\User:private] => 1
            [accountNonLocked:Symfony\Component\Security\Core\User\User:private] => 1
            [roles:Symfony\Component\Security\Core\User\User:private] => Array
                (
                    [0] => ROLE_ADMIN
                )

        )

)
 
$absence :  AbsencesBundle\Entity\Absence Object
(
    [id:AbsencesBundle\Entity\Absence:private] => 
    [title:AbsencesBundle\Entity\Absence:private] => ooo
    [startTime:AbsencesBundle\Entity\Absence:private] => DateTime Object
        (
            [date] => 2018-04-27 15:10:52.000000
            [timezone_type] => 3
            [timezone] => Europe/Paris
        )

    [endTime:AbsencesBundle\Entity\Absence:private] => DateTime Object
        (
            [date] => 2018-04-27 15:10:52.000000
            [timezone_type] => 3
            [timezone] => Europe/Paris
        )

    [valide:AbsencesBundle\Entity\Absence:private] => 0
    [deleted:AbsencesBundle\Entity\Absence:private] => 
    [allday:AbsencesBundle\Entity\Absence:private] => 0
    [uid:AbsencesBundle\Entity\Absence:private] => Symfony\Component\Security\Core\User\User Object
        (
            [username:Symfony\Component\Security\Core\User\User:private] => admin
            [password:Symfony\Component\Security\Core\User\User:private] => $2y$13$vbonEYxHT6T9iSF1ePGQ3uwDMXJ7L7DSQsnqKiyjad6mDpA1yaQHq
            [enabled:Symfony\Component\Security\Core\User\User:private] => 1
            [accountNonExpired:Symfony\Component\Security\Core\User\User:private] => 1
            [credentialsNonExpired:Symfony\Component\Security\Core\User\User:private] => 1
            [accountNonLocked:Symfony\Component\Security\Core\User\User:private] => 1
            [roles:Symfony\Component\Security\Core\User\User:private] => Array
                (
                    [0] => ROLE_ADMIN
                )

        )

)
 
$absence :  AbsencesBundle\Entity\Absence Object
(
    [id:AbsencesBundle\Entity\Absence:private] => 
    [title:AbsencesBundle\Entity\Absence:private] => ooo
    [startTime:AbsencesBundle\Entity\Absence:private] => DateTime Object
        (
            [date] => 2018-04-27 15:10:52.000000
            [timezone_type] => 3
            [timezone] => Europe/Paris
        )

    [endTime:AbsencesBundle\Entity\Absence:private] => DateTime Object
        (
            [date] => 2018-04-27 15:10:52.000000
            [timezone_type] => 3
            [timezone] => Europe/Paris
        )

    [valide:AbsencesBundle\Entity\Absence:private] => 0
    [deleted:AbsencesBundle\Entity\Absence:private] => 
    [allday:AbsencesBundle\Entity\Absence:private] => 0
    [uid:AbsencesBundle\Entity\Absence:private] => Symfony\Component\Security\Core\User\User Object
        (
            [username:Symfony\Component\Security\Core\User\User:private] => admin
            [password:Symfony\Component\Security\Core\User\User:private] => $2y$13$vbonEYxHT6T9iSF1ePGQ3uwDMXJ7L7DSQsnqKiyjad6mDpA1yaQHq
            [enabled:Symfony\Component\Security\Core\User\User:private] => 1
            [accountNonExpired:Symfony\Component\Security\Core\User\User:private] => 1
            [credentialsNonExpired:Symfony\Component\Security\Core\User\User:private] => 1
            [accountNonLocked:Symfony\Component\Security\Core\User\User:private] => 1
            [roles:Symfony\Component\Security\Core\User\User:private] => Array
                (
                    [0] => ROLE_ADMIN
                )

        )

)
 
$absence :  AbsencesBundle\Entity\Absence Object
(
    [id:AbsencesBundle\Entity\Absence:private] => 
    [title:AbsencesBundle\Entity\Absence:private] => ooo
    [startTime:AbsencesBundle\Entity\Absence:private] => DateTime Object
        (
            [date] => 2018-01-06 00:00:00.000000
            [timezone_type] => 3
            [timezone] => Europe/Paris
        )

    [endTime:AbsencesBundle\Entity\Absence:private] => DateTime Object
        (
            [date] => 2018-01-06 00:00:00.000000
            [timezone_type] => 3
            [timezone] => Europe/Paris
        )

    [valide:AbsencesBundle\Entity\Absence:private] => 0
    [deleted:AbsencesBundle\Entity\Absence:private] => 
    [allday:AbsencesBundle\Entity\Absence:private] => 0
    [uid:AbsencesBundle\Entity\Absence:private] => Symfony\Component\Security\Core\User\User Object
        (
            [username:Symfony\Component\Security\Core\User\User:private] => admin
            [password:Symfony\Component\Security\Core\User\User:private] => $2y$13$vbonEYxHT6T9iSF1ePGQ3uwDMXJ7L7DSQsnqKiyjad6mDpA1yaQHq
            [enabled:Symfony\Component\Security\Core\User\User:private] => 1
            [accountNonExpired:Symfony\Component\Security\Core\User\User:private] => 1
            [credentialsNonExpired:Symfony\Component\Security\Core\User\User:private] => 1
            [accountNonLocked:Symfony\Component\Security\Core\User\User:private] => 1
            [roles:Symfony\Component\Security\Core\User\User:private] => Array
                (
                    [0] => ROLE_ADMIN
                )

        )

)
 
$absence :  AbsencesBundle\Entity\Absence Object
(
    [id:AbsencesBundle\Entity\Absence:private] => 
    [title:AbsencesBundle\Entity\Absence:private] => 
    [startTime:AbsencesBundle\Entity\Absence:private] => DateTime Object
        (
            [date] => 2018-04-27 15:12:19.000000
            [timezone_type] => 3
            [timezone] => Europe/Paris
        )

    [endTime:AbsencesBundle\Entity\Absence:private] => DateTime Object
        (
            [date] => 2018-04-27 15:12:19.000000
            [timezone_type] => 3
            [timezone] => Europe/Paris
        )

    [valide:AbsencesBundle\Entity\Absence:private] => 0
    [deleted:AbsencesBundle\Entity\Absence:private] => 
    [allday:AbsencesBundle\Entity\Absence:private] => 
    [uid:AbsencesBundle\Entity\Absence:private] => Symfony\Component\Security\Core\User\User Object
        (
            [username:Symfony\Component\Security\Core\User\User:private] => admin
            [password:Symfony\Component\Security\Core\User\User:private] => $2y$13$vbonEYxHT6T9iSF1ePGQ3uwDMXJ7L7DSQsnqKiyjad6mDpA1yaQHq
            [enabled:Symfony\Component\Security\Core\User\User:private] => 1
            [accountNonExpired:Symfony\Component\Security\Core\User\User:private] => 1
            [credentialsNonExpired:Symfony\Component\Security\Core\User\User:private] => 1
            [accountNonLocked:Symfony\Component\Security\Core\User\User:private] => 1
            [roles:Symfony\Component\Security\Core\User\User:private] => Array
                (
                    [0] => ROLE_ADMIN
                )

        )

)
 
$absence :  AbsencesBundle\Entity\Absence Object
(
    [id:AbsencesBundle\Entity\Absence:private] => 
    [title:AbsencesBundle\Entity\Absence:private] => 
    [startTime:AbsencesBundle\Entity\Absence:private] => DateTime Object
        (
            [date] => 2018-04-27 15:12:20.000000
            [timezone_type] => 3
            [timezone] => Europe/Paris
        )

    [endTime:AbsencesBundle\Entity\Absence:private] => DateTime Object
        (
            [date] => 2018-04-27 15:12:20.000000
            [timezone_type] => 3
            [timezone] => Europe/Paris
        )

    [valide:AbsencesBundle\Entity\Absence:private] => 0
    [deleted:AbsencesBundle\Entity\Absence:private] => 
    [allday:AbsencesBundle\Entity\Absence:private] => 
    [uid:AbsencesBundle\Entity\Absence:private] => Symfony\Component\Security\Core\User\User Object
        (
            [username:Symfony\Component\Security\Core\User\User:private] => admin
            [password:Symfony\Component\Security\Core\User\User:private] => $2y$13$vbonEYxHT6T9iSF1ePGQ3uwDMXJ7L7DSQsnqKiyjad6mDpA1yaQHq
            [enabled:Symfony\Component\Security\Core\User\User:private] => 1
            [accountNonExpired:Symfony\Component\Security\Core\User\User:private] => 1
            [credentialsNonExpired:Symfony\Component\Security\Core\User\User:private] => 1
            [accountNonLocked:Symfony\Component\Security\Core\User\User:private] => 1
            [roles:Symfony\Component\Security\Core\User\User:private] => Array
                (
                    [0] => ROLE_ADMIN
                )

        )

)
 
$absence :  AbsencesBundle\Entity\Absence Object
(
    [id:AbsencesBundle\Entity\Absence:private] => 
    [title:AbsencesBundle\Entity\Absence:private] => 0
    [startTime:AbsencesBundle\Entity\Absence:private] => DateTime Object
        (
            [date] => 2018-09-05 00:00:00.000000
            [timezone_type] => 3
            [timezone] => Europe/Paris
        )

    [endTime:AbsencesBundle\Entity\Absence:private] => DateTime Object
        (
            [date] => 2018-09-05 00:00:00.000000
            [timezone_type] => 3
            [timezone] => Europe/Paris
        )

    [valide:AbsencesBundle\Entity\Absence:private] => 0
    [deleted:AbsencesBundle\Entity\Absence:private] => 
    [allday:AbsencesBundle\Entity\Absence:private] => 0
    [uid:AbsencesBundle\Entity\Absence:private] => Symfony\Component\Security\Core\User\User Object
        (
            [username:Symfony\Component\Security\Core\User\User:private] => admin
            [password:Symfony\Component\Security\Core\User\User:private] => $2y$13$vbonEYxHT6T9iSF1ePGQ3uwDMXJ7L7DSQsnqKiyjad6mDpA1yaQHq
            [enabled:Symfony\Component\Security\Core\User\User:private] => 1
            [accountNonExpired:Symfony\Component\Security\Core\User\User:private] => 1
            [credentialsNonExpired:Symfony\Component\Security\Core\User\User:private] => 1
            [accountNonLocked:Symfony\Component\Security\Core\User\User:private] => 1
            [roles:Symfony\Component\Security\Core\User\User:private] => Array
                (
                    [0] => ROLE_ADMIN
                )

        )

)
 
$absence :  AbsencesBundle\Entity\Absence Object
(
    [id:AbsencesBundle\Entity\Absence:private] => 
    [title:AbsencesBundle\Entity\Absence:private] => 
    [startTime:AbsencesBundle\Entity\Absence:private] => DateTime Object
        (
            [date] => 2018-04-27 15:13:48.000000
            [timezone_type] => 3
            [timezone] => Europe/Paris
        )

    [endTime:AbsencesBundle\Entity\Absence:private] => DateTime Object
        (
            [date] => 2018-04-27 15:13:48.000000
            [timezone_type] => 3
            [timezone] => Europe/Paris
        )

    [valide:AbsencesBundle\Entity\Absence:private] => 0
    [deleted:AbsencesBundle\Entity\Absence:private] => 
    [allday:AbsencesBundle\Entity\Absence:private] => 
    [uid:AbsencesBundle\Entity\Absence:private] => Symfony\Component\Security\Core\User\User Object
        (
            [username:Symfony\Component\Security\Core\User\User:private] => admin
            [password:Symfony\Component\Security\Core\User\User:private] => $2y$13$vbonEYxHT6T9iSF1ePGQ3uwDMXJ7L7DSQsnqKiyjad6mDpA1yaQHq
            [enabled:Symfony\Component\Security\Core\User\User:private] => 1
            [accountNonExpired:Symfony\Component\Security\Core\User\User:private] => 1
            [credentialsNonExpired:Symfony\Component\Security\Core\User\User:private] => 1
            [accountNonLocked:Symfony\Component\Security\Core\User\User:private] => 1
            [roles:Symfony\Component\Security\Core\User\User:private] => Array
                (
                    [0] => ROLE_ADMIN
                )

        )

)
 
$absence :  AbsencesBundle\Entity\Absence Object
(
    [id:AbsencesBundle\Entity\Absence:private] => 
    [title:AbsencesBundle\Entity\Absence:private] => 0
    [startTime:AbsencesBundle\Entity\Absence:private] => DateTime Object
        (
            [date] => 2018-01-06 00:00:00.000000
            [timezone_type] => 3
            [timezone] => Europe/Paris
        )

    [endTime:AbsencesBundle\Entity\Absence:private] => DateTime Object
        (
            [date] => 2018-06-06 00:00:00.000000
            [timezone_type] => 3
            [timezone] => Europe/Paris
        )

    [valide:AbsencesBundle\Entity\Absence:private] => 0
    [deleted:AbsencesBundle\Entity\Absence:private] => 
    [allday:AbsencesBundle\Entity\Absence:private] => 0
    [uid:AbsencesBundle\Entity\Absence:private] => Symfony\Component\Security\Core\User\User Object
        (
            [username:Symfony\Component\Security\Core\User\User:private] => admin
            [password:Symfony\Component\Security\Core\User\User:private] => $2y$13$vbonEYxHT6T9iSF1ePGQ3uwDMXJ7L7DSQsnqKiyjad6mDpA1yaQHq
            [enabled:Symfony\Component\Security\Core\User\User:private] => 1
            [accountNonExpired:Symfony\Component\Security\Core\User\User:private] => 1
            [credentialsNonExpired:Symfony\Component\Security\Core\User\User:private] => 1
            [accountNonLocked:Symfony\Component\Security\Core\User\User:private] => 1
            [roles:Symfony\Component\Security\Core\User\User:private] => Array
                (
                    [0] => ROLE_ADMIN
                )

        )

)
 
$absence :  AbsencesBundle\Entity\Absence Object
(
    [id:AbsencesBundle\Entity\Absence:private] => 
    [title:AbsencesBundle\Entity\Absence:private] => 
    [startTime:AbsencesBundle\Entity\Absence:private] => DateTime Object
        (
            [date] => 2018-04-27 15:15:55.000000
            [timezone_type] => 3
            [timezone] => Europe/Paris
        )

    [endTime:AbsencesBundle\Entity\Absence:private] => DateTime Object
        (
            [date] => 2018-04-27 15:15:55.000000
            [timezone_type] => 3
            [timezone] => Europe/Paris
        )

    [valide:AbsencesBundle\Entity\Absence:private] => 0
    [deleted:AbsencesBundle\Entity\Absence:private] => 
    [allday:AbsencesBundle\Entity\Absence:private] => 
    [uid:AbsencesBundle\Entity\Absence:private] => Symfony\Component\Security\Core\User\User Object
        (
            [username:Symfony\Component\Security\Core\User\User:private] => admin
            [password:Symfony\Component\Security\Core\User\User:private] => $2y$13$vbonEYxHT6T9iSF1ePGQ3uwDMXJ7L7DSQsnqKiyjad6mDpA1yaQHq
            [enabled:Symfony\Component\Security\Core\User\User:private] => 1
            [accountNonExpired:Symfony\Component\Security\Core\User\User:private] => 1
            [credentialsNonExpired:Symfony\Component\Security\Core\User\User:private] => 1
            [accountNonLocked:Symfony\Component\Security\Core\User\User:private] => 1
            [roles:Symfony\Component\Security\Core\User\User:private] => Array
                (
                    [0] => ROLE_ADMIN
                )

        )

)
 
$absence :  AbsencesBundle\Entity\Absence Object
(
    [id:AbsencesBundle\Entity\Absence:private] => 
    [title:AbsencesBundle\Entity\Absence:private] => 
    [startTime:AbsencesBundle\Entity\Absence:private] => DateTime Object
        (
            [date] => 2018-04-27 15:15:55.000000
            [timezone_type] => 3
            [timezone] => Europe/Paris
        )

    [endTime:AbsencesBundle\Entity\Absence:private] => DateTime Object
        (
            [date] => 2018-04-27 15:15:55.000000
            [timezone_type] => 3
            [timezone] => Europe/Paris
        )

    [valide:AbsencesBundle\Entity\Absence:private] => 0
    [deleted:AbsencesBundle\Entity\Absence:private] => 
    [allday:AbsencesBundle\Entity\Absence:private] => 
    [uid:AbsencesBundle\Entity\Absence:private] => Symfony\Component\Security\Core\User\User Object
        (
            [username:Symfony\Component\Security\Core\User\User:private] => admin
            [password:Symfony\Component\Security\Core\User\User:private] => $2y$13$vbonEYxHT6T9iSF1ePGQ3uwDMXJ7L7DSQsnqKiyjad6mDpA1yaQHq
            [enabled:Symfony\Component\Security\Core\User\User:private] => 1
            [accountNonExpired:Symfony\Component\Security\Core\User\User:private] => 1
            [credentialsNonExpired:Symfony\Component\Security\Core\User\User:private] => 1
            [accountNonLocked:Symfony\Component\Security\Core\User\User:private] => 1
            [roles:Symfony\Component\Security\Core\User\User:private] => Array
                (
                    [0] => ROLE_ADMIN
                )

        )

)
 
$absence :  AbsencesBundle\Entity\Absence Object
(
    [id:AbsencesBundle\Entity\Absence:private] => 
    [title:AbsencesBundle\Entity\Absence:private] => 6
    [startTime:AbsencesBundle\Entity\Absence:private] => DateTime Object
        (
            [date] => 2018-03-05 00:00:00.000000
            [timezone_type] => 3
            [timezone] => Europe/Paris
        )

    [endTime:AbsencesBundle\Entity\Absence:private] => DateTime Object
        (
            [date] => 2018-03-05 00:00:00.000000
            [timezone_type] => 3
            [timezone] => Europe/Paris
        )

    [valide:AbsencesBundle\Entity\Absence:private] => 0
    [deleted:AbsencesBundle\Entity\Absence:private] => 
    [allday:AbsencesBundle\Entity\Absence:private] => 1
    [uid:AbsencesBundle\Entity\Absence:private] => Symfony\Component\Security\Core\User\User Object
        (
            [username:Symfony\Component\Security\Core\User\User:private] => admin
            [password:Symfony\Component\Security\Core\User\User:private] => $2y$13$vbonEYxHT6T9iSF1ePGQ3uwDMXJ7L7DSQsnqKiyjad6mDpA1yaQHq
            [enabled:Symfony\Component\Security\Core\User\User:private] => 1
            [accountNonExpired:Symfony\Component\Security\Core\User\User:private] => 1
            [credentialsNonExpired:Symfony\Component\Security\Core\User\User:private] => 1
            [accountNonLocked:Symfony\Component\Security\Core\User\User:private] => 1
            [roles:Symfony\Component\Security\Core\User\User:private] => Array
                (
                    [0] => ROLE_ADMIN
                )

        )

)
 
$absence :  AbsencesBundle\Entity\Absence Object
(
    [id:AbsencesBundle\Entity\Absence:private] => 
    [title:AbsencesBundle\Entity\Absence:private] => 
    [startTime:AbsencesBundle\Entity\Absence:private] => DateTime Object
        (
            [date] => 2018-04-27 15:27:55.000000
            [timezone_type] => 3
            [timezone] => Europe/Paris
        )

    [endTime:AbsencesBundle\Entity\Absence:private] => DateTime Object
        (
            [date] => 2018-04-27 15:27:55.000000
            [timezone_type] => 3
            [timezone] => Europe/Paris
        )

    [valide:AbsencesBundle\Entity\Absence:private] => 0
    [deleted:AbsencesBundle\Entity\Absence:private] => 
    [allday:AbsencesBundle\Entity\Absence:private] => 0
    [uid:AbsencesBundle\Entity\Absence:private] => Symfony\Component\Security\Core\User\User Object
        (
            [username:Symfony\Component\Security\Core\User\User:private] => admin
            [password:Symfony\Component\Security\Core\User\User:private] => $2y$13$vbonEYxHT6T9iSF1ePGQ3uwDMXJ7L7DSQsnqKiyjad6mDpA1yaQHq
            [enabled:Symfony\Component\Security\Core\User\User:private] => 1
            [accountNonExpired:Symfony\Component\Security\Core\User\User:private] => 1
            [credentialsNonExpired:Symfony\Component\Security\Core\User\User:private] => 1
            [accountNonLocked:Symfony\Component\Security\Core\User\User:private] => 1
            [roles:Symfony\Component\Security\Core\User\User:private] => Array
                (
                    [0] => ROLE_ADMIN
                )

        )

)
 
$absence :  AbsencesBundle\Entity\Absence Object
(
    [id:AbsencesBundle\Entity\Absence:private] => 
    [title:AbsencesBundle\Entity\Absence:private] => 0
    [startTime:AbsencesBundle\Entity\Absence:private] => DateTime Object
        (
            [date] => 2018-01-06 00:00:00.000000
            [timezone_type] => 3
            [timezone] => Europe/Paris
        )

    [endTime:AbsencesBundle\Entity\Absence:private] => DateTime Object
        (
            [date] => 2018-01-06 00:00:00.000000
            [timezone_type] => 3
            [timezone] => Europe/Paris
        )

    [valide:AbsencesBundle\Entity\Absence:private] => 0
    [deleted:AbsencesBundle\Entity\Absence:private] => 
    [allday:AbsencesBundle\Entity\Absence:private] => 0
    [uid:AbsencesBundle\Entity\Absence:private] => Symfony\Component\Security\Core\User\User Object
        (
            [username:Symfony\Component\Security\Core\User\User:private] => admin
            [password:Symfony\Component\Security\Core\User\User:private] => $2y$13$vbonEYxHT6T9iSF1ePGQ3uwDMXJ7L7DSQsnqKiyjad6mDpA1yaQHq
            [enabled:Symfony\Component\Security\Core\User\User:private] => 1
            [accountNonExpired:Symfony\Component\Security\Core\User\User:private] => 1
            [credentialsNonExpired:Symfony\Component\Security\Core\User\User:private] => 1
            [accountNonLocked:Symfony\Component\Security\Core\User\User:private] => 1
            [roles:Symfony\Component\Security\Core\User\User:private] => Array
                (
                    [0] => ROLE_ADMIN
                )

        )

)
 
$absence :  AbsencesBundle\Entity\Absence Object
(
    [id:AbsencesBundle\Entity\Absence:private] => 
    [title:AbsencesBundle\Entity\Absence:private] => 
    [startTime:AbsencesBundle\Entity\Absence:private] => DateTime Object
        (
            [date] => 2018-04-27 15:28:42.000000
            [timezone_type] => 3
            [timezone] => Europe/Paris
        )

    [endTime:AbsencesBundle\Entity\Absence:private] => DateTime Object
        (
            [date] => 2018-04-27 15:28:42.000000
            [timezone_type] => 3
            [timezone] => Europe/Paris
        )

    [valide:AbsencesBundle\Entity\Absence:private] => 0
    [deleted:AbsencesBundle\Entity\Absence:private] => 
    [allday:AbsencesBundle\Entity\Absence:private] => 0
    [uid:AbsencesBundle\Entity\Absence:private] => Symfony\Component\Security\Core\User\User Object
        (
            [username:Symfony\Component\Security\Core\User\User:private] => admin
            [password:Symfony\Component\Security\Core\User\User:private] => $2y$13$vbonEYxHT6T9iSF1ePGQ3uwDMXJ7L7DSQsnqKiyjad6mDpA1yaQHq
            [enabled:Symfony\Component\Security\Core\User\User:private] => 1
            [accountNonExpired:Symfony\Component\Security\Core\User\User:private] => 1
            [credentialsNonExpired:Symfony\Component\Security\Core\User\User:private] => 1
            [accountNonLocked:Symfony\Component\Security\Core\User\User:private] => 1
            [roles:Symfony\Component\Security\Core\User\User:private] => Array
                (
                    [0] => ROLE_ADMIN
                )

        )

)
 
$absence :  AbsencesBundle\Entity\Absence Object
(
    [id:AbsencesBundle\Entity\Absence:private] => 
    [title:AbsencesBundle\Entity\Absence:private] => 
    [startTime:AbsencesBundle\Entity\Absence:private] => DateTime Object
        (
            [date] => 2018-04-27 15:28:42.000000
            [timezone_type] => 3
            [timezone] => Europe/Paris
        )

    [endTime:AbsencesBundle\Entity\Absence:private] => DateTime Object
        (
            [date] => 2018-04-27 15:28:42.000000
            [timezone_type] => 3
            [timezone] => Europe/Paris
        )

    [valide:AbsencesBundle\Entity\Absence:private] => 0
    [deleted:AbsencesBundle\Entity\Absence:private] => 
    [allday:AbsencesBundle\Entity\Absence:private] => 0
    [uid:AbsencesBundle\Entity\Absence:private] => Symfony\Component\Security\Core\User\User Object
        (
            [username:Symfony\Component\Security\Core\User\User:private] => admin
            [password:Symfony\Component\Security\Core\User\User:private] => $2y$13$vbonEYxHT6T9iSF1ePGQ3uwDMXJ7L7DSQsnqKiyjad6mDpA1yaQHq
            [enabled:Symfony\Component\Security\Core\User\User:private] => 1
            [accountNonExpired:Symfony\Component\Security\Core\User\User:private] => 1
            [credentialsNonExpired:Symfony\Component\Security\Core\User\User:private] => 1
            [accountNonLocked:Symfony\Component\Security\Core\User\User:private] => 1
            [roles:Symfony\Component\Security\Core\User\User:private] => Array
                (
                    [0] => ROLE_ADMIN
                )

        )

)
 
$absence :  AbsencesBundle\Entity\Absence Object
(
    [id:AbsencesBundle\Entity\Absence:private] => 
    [title:AbsencesBundle\Entity\Absence:private] => 8
    [startTime:AbsencesBundle\Entity\Absence:private] => DateTime Object
        (
            [date] => 2018-06-06 00:00:00.000000
            [timezone_type] => 3
            [timezone] => Europe/Paris
        )

    [endTime:AbsencesBundle\Entity\Absence:private] => DateTime Object
        (
            [date] => 2018-06-06 00:00:00.000000
            [timezone_type] => 3
            [timezone] => Europe/Paris
        )

    [valide:AbsencesBundle\Entity\Absence:private] => 0
    [deleted:AbsencesBundle\Entity\Absence:private] => 
    [allday:AbsencesBundle\Entity\Absence:private] => 1
    [uid:AbsencesBundle\Entity\Absence:private] => Symfony\Component\Security\Core\User\User Object
        (
            [username:Symfony\Component\Security\Core\User\User:private] => admin
            [password:Symfony\Component\Security\Core\User\User:private] => $2y$13$vbonEYxHT6T9iSF1ePGQ3uwDMXJ7L7DSQsnqKiyjad6mDpA1yaQHq
            [enabled:Symfony\Component\Security\Core\User\User:private] => 1
            [accountNonExpired:Symfony\Component\Security\Core\User\User:private] => 1
            [credentialsNonExpired:Symfony\Component\Security\Core\User\User:private] => 1
            [accountNonLocked:Symfony\Component\Security\Core\User\User:private] => 1
            [roles:Symfony\Component\Security\Core\User\User:private] => Array
                (
                    [0] => ROLE_ADMIN
                )

        )

)
 
$absence :  AbsencesBundle\Entity\Absence Object
(
    [id:AbsencesBundle\Entity\Absence:private] => 
    [title:AbsencesBundle\Entity\Absence:private] => 
    [startTime:AbsencesBundle\Entity\Absence:private] => DateTime Object
        (
            [date] => 2018-04-27 15:29:53.000000
            [timezone_type] => 3
            [timezone] => Europe/Paris
        )

    [endTime:AbsencesBundle\Entity\Absence:private] => DateTime Object
        (
            [date] => 2018-04-27 15:29:53.000000
            [timezone_type] => 3
            [timezone] => Europe/Paris
        )

    [valide:AbsencesBundle\Entity\Absence:private] => 0
    [deleted:AbsencesBundle\Entity\Absence:private] => 
    [allday:AbsencesBundle\Entity\Absence:private] => 0
    [uid:AbsencesBundle\Entity\Absence:private] => Symfony\Component\Security\Core\User\User Object
        (
            [username:Symfony\Component\Security\Core\User\User:private] => admin
            [password:Symfony\Component\Security\Core\User\User:private] => $2y$13$vbonEYxHT6T9iSF1ePGQ3uwDMXJ7L7DSQsnqKiyjad6mDpA1yaQHq
            [enabled:Symfony\Component\Security\Core\User\User:private] => 1
            [accountNonExpired:Symfony\Component\Security\Core\User\User:private] => 1
            [credentialsNonExpired:Symfony\Component\Security\Core\User\User:private] => 1
            [accountNonLocked:Symfony\Component\Security\Core\User\User:private] => 1
            [roles:Symfony\Component\Security\Core\User\User:private] => Array
                (
                    [0] => ROLE_ADMIN
                )

        )

)
 
$absence :  AbsencesBundle\Entity\Absence Object
(
    [id:AbsencesBundle\Entity\Absence:private] => 
    [title:AbsencesBundle\Entity\Absence:private] => 0
    [startTime:AbsencesBundle\Entity\Absence:private] => DateTime Object
        (
            [date] => 2018-03-05 00:00:00.000000
            [timezone_type] => 3
            [timezone] => Europe/Paris
        )

    [endTime:AbsencesBundle\Entity\Absence:private] => DateTime Object
        (
            [date] => 2018-03-05 00:00:00.000000
            [timezone_type] => 3
            [timezone] => Europe/Paris
        )

    [valide:AbsencesBundle\Entity\Absence:private] => 0
    [deleted:AbsencesBundle\Entity\Absence:private] => 
    [allday:AbsencesBundle\Entity\Absence:private] => 0
    [uid:AbsencesBundle\Entity\Absence:private] => Symfony\Component\Security\Core\User\User Object
        (
            [username:Symfony\Component\Security\Core\User\User:private] => admin
            [password:Symfony\Component\Security\Core\User\User:private] => $2y$13$vbonEYxHT6T9iSF1ePGQ3uwDMXJ7L7DSQsnqKiyjad6mDpA1yaQHq
            [enabled:Symfony\Component\Security\Core\User\User:private] => 1
            [accountNonExpired:Symfony\Component\Security\Core\User\User:private] => 1
            [credentialsNonExpired:Symfony\Component\Security\Core\User\User:private] => 1
            [accountNonLocked:Symfony\Component\Security\Core\User\User:private] => 1
            [roles:Symfony\Component\Security\Core\User\User:private] => Array
                (
                    [0] => ROLE_ADMIN
                )

        )

)
 
$absence :  AbsencesBundle\Entity\Absence Object
(
    [id:AbsencesBundle\Entity\Absence:private] => 
    [title:AbsencesBundle\Entity\Absence:private] => 
    [startTime:AbsencesBundle\Entity\Absence:private] => DateTime Object
        (
            [date] => 2018-04-27 15:40:04.000000
            [timezone_type] => 3
            [timezone] => Europe/Paris
        )

    [endTime:AbsencesBundle\Entity\Absence:private] => DateTime Object
        (
            [date] => 2018-04-27 15:40:04.000000
            [timezone_type] => 3
            [timezone] => Europe/Paris
        )

    [valide:AbsencesBundle\Entity\Absence:private] => 0
    [deleted:AbsencesBundle\Entity\Absence:private] => 
    [allday:AbsencesBundle\Entity\Absence:private] => 0
    [uid:AbsencesBundle\Entity\Absence:private] => Symfony\Component\Security\Core\User\User Object
        (
            [username:Symfony\Component\Security\Core\User\User:private] => admin
            [password:Symfony\Component\Security\Core\User\User:private] => $2y$13$vbonEYxHT6T9iSF1ePGQ3uwDMXJ7L7DSQsnqKiyjad6mDpA1yaQHq
            [enabled:Symfony\Component\Security\Core\User\User:private] => 1
            [accountNonExpired:Symfony\Component\Security\Core\User\User:private] => 1
            [credentialsNonExpired:Symfony\Component\Security\Core\User\User:private] => 1
            [accountNonLocked:Symfony\Component\Security\Core\User\User:private] => 1
            [roles:Symfony\Component\Security\Core\User\User:private] => Array
                (
                    [0] => ROLE_ADMIN
                )

        )

)
 
$absence :  AbsencesBundle\Entity\Absence Object
(
    [id:AbsencesBundle\Entity\Absence:private] => 
    [title:AbsencesBundle\Entity\Absence:private] => 0
    [startTime:AbsencesBundle\Entity\Absence:private] => DateTime Object
        (
            [date] => 2018-04-05 00:00:00.000000
            [timezone_type] => 3
            [timezone] => Europe/Paris
        )

    [endTime:AbsencesBundle\Entity\Absence:private] => DateTime Object
        (
            [date] => 2018-04-05 00:00:00.000000
            [timezone_type] => 3
            [timezone] => Europe/Paris
        )

    [valide:AbsencesBundle\Entity\Absence:private] => 0
    [deleted:AbsencesBundle\Entity\Absence:private] => 
    [allday:AbsencesBundle\Entity\Absence:private] => 0
    [uid:AbsencesBundle\Entity\Absence:private] => Symfony\Component\Security\Core\User\User Object
        (
            [username:Symfony\Component\Security\Core\User\User:private] => admin
            [password:Symfony\Component\Security\Core\User\User:private] => $2y$13$vbonEYxHT6T9iSF1ePGQ3uwDMXJ7L7DSQsnqKiyjad6mDpA1yaQHq
            [enabled:Symfony\Component\Security\Core\User\User:private] => 1
            [accountNonExpired:Symfony\Component\Security\Core\User\User:private] => 1
            [credentialsNonExpired:Symfony\Component\Security\Core\User\User:private] => 1
            [accountNonLocked:Symfony\Component\Security\Core\User\User:private] => 1
            [roles:Symfony\Component\Security\Core\User\User:private] => Array
                (
                    [0] => ROLE_ADMIN
                )

        )

)
 
$absence :  AbsencesBundle\Entity\Absence Object
(
    [id:AbsencesBundle\Entity\Absence:private] => 
    [title:AbsencesBundle\Entity\Absence:private] => 
    [startTime:AbsencesBundle\Entity\Absence:private] => 
    [endTime:AbsencesBundle\Entity\Absence:private] => 
    [valide:AbsencesBundle\Entity\Absence:private] => 0
    [deleted:AbsencesBundle\Entity\Absence:private] => 
    [allday:AbsencesBundle\Entity\Absence:private] => 0
    [uid:AbsencesBundle\Entity\Absence:private] => Symfony\Component\Security\Core\User\User Object
        (
            [username:Symfony\Component\Security\Core\User\User:private] => admin
            [password:Symfony\Component\Security\Core\User\User:private] => $2y$13$vbonEYxHT6T9iSF1ePGQ3uwDMXJ7L7DSQsnqKiyjad6mDpA1yaQHq
            [enabled:Symfony\Component\Security\Core\User\User:private] => 1
            [accountNonExpired:Symfony\Component\Security\Core\User\User:private] => 1
            [credentialsNonExpired:Symfony\Component\Security\Core\User\User:private] => 1
            [accountNonLocked:Symfony\Component\Security\Core\User\User:private] => 1
            [roles:Symfony\Component\Security\Core\User\User:private] => Array
                (
                    [0] => ROLE_ADMIN
                )

        )

)
 
$absence :  AbsencesBundle\Entity\Absence Object
(
    [id:AbsencesBundle\Entity\Absence:private] => 
    [title:AbsencesBundle\Entity\Absence:private] => 0
    [startTime:AbsencesBundle\Entity\Absence:private] => DateTime Object
        (
            [date] => 2018-05-04 15:43:35.000000
            [timezone_type] => 3
            [timezone] => Europe/Paris
        )

    [endTime:AbsencesBundle\Entity\Absence:private] => DateTime Object
        (
            [date] => 2018-05-04 15:43:35.000000
            [timezone_type] => 3
            [timezone] => Europe/Paris
        )

    [valide:AbsencesBundle\Entity\Absence:private] => 0
    [deleted:AbsencesBundle\Entity\Absence:private] => 
    [allday:AbsencesBundle\Entity\Absence:private] => 0
    [uid:AbsencesBundle\Entity\Absence:private] => Symfony\Component\Security\Core\User\User Object
        (
            [username:Symfony\Component\Security\Core\User\User:private] => admin
            [password:Symfony\Component\Security\Core\User\User:private] => $2y$13$vbonEYxHT6T9iSF1ePGQ3uwDMXJ7L7DSQsnqKiyjad6mDpA1yaQHq
            [enabled:Symfony\Component\Security\Core\User\User:private] => 1
            [accountNonExpired:Symfony\Component\Security\Core\User\User:private] => 1
            [credentialsNonExpired:Symfony\Component\Security\Core\User\User:private] => 1
            [accountNonLocked:Symfony\Component\Security\Core\User\User:private] => 1
            [roles:Symfony\Component\Security\Core\User\User:private] => Array
                (
                    [0] => ROLE_ADMIN
                )

        )

)
 
$absence :  AbsencesBundle\Entity\Absence Object
(
    [id:AbsencesBundle\Entity\Absence:private] => 
    [title:AbsencesBundle\Entity\Absence:private] => 
    [startTime:AbsencesBundle\Entity\Absence:private] => 
    [endTime:AbsencesBundle\Entity\Absence:private] => 
    [valide:AbsencesBundle\Entity\Absence:private] => 0
    [deleted:AbsencesBundle\Entity\Absence:private] => 
    [allday:AbsencesBundle\Entity\Absence:private] => 0
    [uid:AbsencesBundle\Entity\Absence:private] => Symfony\Component\Security\Core\User\User Object
        (
            [username:Symfony\Component\Security\Core\User\User:private] => admin
            [password:Symfony\Component\Security\Core\User\User:private] => $2y$13$vbonEYxHT6T9iSF1ePGQ3uwDMXJ7L7DSQsnqKiyjad6mDpA1yaQHq
            [enabled:Symfony\Component\Security\Core\User\User:private] => 1
            [accountNonExpired:Symfony\Component\Security\Core\User\User:private] => 1
            [credentialsNonExpired:Symfony\Component\Security\Core\User\User:private] => 1
            [accountNonLocked:Symfony\Component\Security\Core\User\User:private] => 1
            [roles:Symfony\Component\Security\Core\User\User:private] => Array
                (
                    [0] => ROLE_ADMIN
                )

        )

)
 
$absence :  AbsencesBundle\Entity\Absence Object
(
    [id:AbsencesBundle\Entity\Absence:private] => 
    [title:AbsencesBundle\Entity\Absence:private] => 
    [startTime:AbsencesBundle\Entity\Absence:private] => 
    [endTime:AbsencesBundle\Entity\Absence:private] => 
    [valide:AbsencesBundle\Entity\Absence:private] => 0
    [deleted:AbsencesBundle\Entity\Absence:private] => 
    [allday:AbsencesBundle\Entity\Absence:private] => 0
    [uid:AbsencesBundle\Entity\Absence:private] => Symfony\Component\Security\Core\User\User Object
        (
            [username:Symfony\Component\Security\Core\User\User:private] => admin
            [password:Symfony\Component\Security\Core\User\User:private] => $2y$13$vbonEYxHT6T9iSF1ePGQ3uwDMXJ7L7DSQsnqKiyjad6mDpA1yaQHq
            [enabled:Symfony\Component\Security\Core\User\User:private] => 1
            [accountNonExpired:Symfony\Component\Security\Core\User\User:private] => 1
            [credentialsNonExpired:Symfony\Component\Security\Core\User\User:private] => 1
            [accountNonLocked:Symfony\Component\Security\Core\User\User:private] => 1
            [roles:Symfony\Component\Security\Core\User\User:private] => Array
                (
                    [0] => ROLE_ADMIN
                )

        )

)
 
$absence :  AbsencesBundle\Entity\Absence Object
(
    [id:AbsencesBundle\Entity\Absence:private] => 
    [title:AbsencesBundle\Entity\Absence:private] => 0
    [startTime:AbsencesBundle\Entity\Absence:private] => 03/05/2018
    [endTime:AbsencesBundle\Entity\Absence:private] => 03/05/2018
    [valide:AbsencesBundle\Entity\Absence:private] => 0
    [deleted:AbsencesBundle\Entity\Absence:private] => 
    [allday:AbsencesBundle\Entity\Absence:private] => 0
    [uid:AbsencesBundle\Entity\Absence:private] => Symfony\Component\Security\Core\User\User Object
        (
            [username:Symfony\Component\Security\Core\User\User:private] => admin
            [password:Symfony\Component\Security\Core\User\User:private] => $2y$13$vbonEYxHT6T9iSF1ePGQ3uwDMXJ7L7DSQsnqKiyjad6mDpA1yaQHq
            [enabled:Symfony\Component\Security\Core\User\User:private] => 1
            [accountNonExpired:Symfony\Component\Security\Core\User\User:private] => 1
            [credentialsNonExpired:Symfony\Component\Security\Core\User\User:private] => 1
            [accountNonLocked:Symfony\Component\Security\Core\User\User:private] => 1
            [roles:Symfony\Component\Security\Core\User\User:private] => Array
                (
                    [0] => ROLE_ADMIN
                )

        )

)
 